C:\Program Files (x86)\MSBuild\Microsoft.Cpp\v4.0\V140\Microsoft.CppBuild.targets(392,5): warning MSB8028: The intermediate directory (Debug\) contains files shared from another project (GunBird - Coded Dreams.vcxproj, Path Finder.vcxproj, Unnamed - Summer Project.vcxproj).  This can lead to incorrect clean and rebuild behavior.
  ModuleWindow.cpp
  ModuleWelcomeTitle.cpp
c:\users\adriafc\desktop\gddv-year-2-\console\animation.h(64): warning C4244: 'return': conversion from 'float' to 'int', possible loss of data
  ModuleUI.cpp
c:\users\adriafc\desktop\gddv-year-2-\console\animation.h(64): warning C4244: 'return': conversion from 'float' to 'int', possible loss of data
  ModuleTextures.cpp
  ModuleRender.cpp
  ModulePushBacks.cpp
  ModulePlayer.cpp
c:\users\adriafc\desktop\gddv-year-2-\console\animation.h(64): warning C4244: 'return': conversion from 'float' to 'int', possible loss of data
c:\users\adriafc\desktop\gddv-year-2-\console\moduleplayer.cpp(79): warning C4244: 'argument': conversion from 'float' to 'int', possible loss of data
  ModuleParticles.cpp
c:\users\adriafc\desktop\gddv-year-2-\console\animation.h(64): warning C4244: 'return': conversion from 'float' to 'int', possible loss of data
c:\users\adriafc\desktop\gddv-year-2-\console\moduleparticles.cpp(72): warning C4060: switch statement contains no 'case' or 'default' labels
c:\users\adriafc\desktop\gddv-year-2-\console\moduleparticles.cpp(102): warning C4244: '=': conversion from 'int' to 'float', possible loss of data
c:\users\adriafc\desktop\gddv-year-2-\console\moduleparticles.cpp(103): warning C4244: '=': conversion from 'int' to 'float', possible loss of data
c:\users\adriafc\desktop\gddv-year-2-\console\moduleparticles.cpp(108): warning C4060: switch statement contains no 'case' or 'default' labels
c:\users\adriafc\desktop\gddv-year-2-\console\moduleparticles.cpp(162): warning C4244: 'argument': conversion from 'float' to 'int', possible loss of data
c:\users\adriafc\desktop\gddv-year-2-\console\moduleparticles.cpp(165): warning C4018: '>': signed/unsigned mismatch
  ModuleInput.cpp
c:\users\adriafc\desktop\gddv-year-2-\console\animation.h(64): warning C4244: 'return': conversion from 'float' to 'int', possible loss of data
c:\program files (x86)\microsoft visual studio 14.0\vc\include\xlocale(341): warning C4530: C++ exception handler used, but unwind semantics are not enabled. Specify /EHsc
c:\program files (x86)\microsoft visual studio 14.0\vc\include\exception(359): warning C4577: 'noexcept' used with no exception handling mode specified; termination on exception is not guaranteed. Specify /EHsc
  ModuleFonts.cpp
  ModuleFadeToBlack.cpp
  ModuleCollision.cpp
c:\users\adriafc\desktop\gddv-year-2-\console\animation.h(64): warning C4244: 'return': conversion from 'float' to 'int', possible loss of data
  ModuleChat.cpp
c:\users\adriafc\desktop\gddv-year-2-\console\modulechat.cpp(22): warning C4129: '^': unrecognized character escape sequence
c:\users\adriafc\desktop\gddv-year-2-\console\modulechat.cpp(26): warning C4244: '=': conversion from 'Uint32' to 'float', possible loss of data
c:\users\adriafc\desktop\gddv-year-2-\console\modulechat.cpp(93): warning C4244: '=': conversion from 'Uint32' to 'float', possible loss of data
c:\users\adriafc\desktop\gddv-year-2-\console\modulechat.cpp(100): warning C4244: '=': conversion from 'Uint32' to 'float', possible loss of data
  ModuleAudio.cpp
  Main.cpp
  Globals.cpp
  Application.cpp
c:\users\adriafc\desktop\gddv-year-2-\console\animation.h(64): warning C4244: 'return': conversion from 'float' to 'int', possible loss of data
  Generating Code...
  LINK : C:\Users\adriafc\Desktop\GDDV-Year-2-\Console\Debug\Console.exe not found or not built by the last incremental link; performing full link
  SDL Game.vcxproj -> C:\Users\adriafc\Desktop\GDDV-Year-2-\Console\Debug\Console.exe
  SDL Game.vcxproj -> C:\Users\adriafc\Desktop\GDDV-Year-2-\Console\Debug\Console.pdb (Full PDB)
