  j1Collision.cpp
d:\rma\game-development\motor2d\j1Player.h(10): warning C4099: 'Collider': type name first seen using 'class' now seen using 'struct'
  d:\rma\game-development\motor2d\j1Module.h(13): note: see declaration of 'Collider'
d:\rma\game-development\motor2d\j1Collision.h(20): warning C4099: 'Collider': type name first seen using 'class' now seen using 'struct'
  d:\rma\game-development\motor2d\j1Collision.h(19): note: see declaration of 'Collider'
  j1Entity.cpp
d:\rma\game-development\motor2d\j1Collision.h(20): warning C4099: 'Collider': type name first seen using 'class' now seen using 'struct'
  d:\rma\game-development\motor2d\j1Collision.h(19): note: see declaration of 'Collider'
j1Entity.cpp(10): warning C4244: '+=': conversion from 'double' to 'float', possible loss of data
  j1Main.cpp
  j1App.cpp
d:\rma\game-development\motor2d\j1Collision.h(20): warning C4099: 'Collider': type name first seen using 'class' now seen using 'struct'
  d:\rma\game-development\motor2d\j1Collision.h(19): note: see declaration of 'Collider'
  j1Audio.cpp
  j1Input.cpp
d:\rma\game-development\motor2d\j1Player.h(10): warning C4099: 'Collider': type name first seen using 'class' now seen using 'struct'
  d:\rma\game-development\motor2d\j1Module.h(13): note: see declaration of 'Collider'
  j1Map.cpp
d:\rma\game-development\motor2d\j1Collision.h(20): warning C4099: 'Collider': type name first seen using 'class' now seen using 'struct'
  d:\rma\game-development\motor2d\j1Collision.h(19): note: see declaration of 'Collider'
j1Map.cpp(45): warning C4244: '=': conversion from 'int' to 'float', possible loss of data
j1Map.cpp(47): warning C4244: 'argument': conversion from 'float' to 'int', possible loss of data
j1Map.cpp(69): warning C4018: '>=': signed/unsigned mismatch
j1Map.cpp(69): warning C4018: '<': signed/unsigned mismatch
j1Map.cpp(410): warning C4244: '=': conversion from 'int' to 'float', possible loss of data
j1Map.cpp(411): warning C4244: '=': conversion from 'int' to 'float', possible loss of data
j1Map.cpp(509): warning C4244: '=': conversion from 'int' to 'float', possible loss of data
  j1Player.cpp
d:\rma\game-development\motor2d\j1Collision.h(20): warning C4099: 'Collider': type name first seen using 'class' now seen using 'struct'
  d:\rma\game-development\motor2d\j1Collision.h(19): note: see declaration of 'Collider'
j1Player.cpp(99): warning C4244: '=': conversion from 'int' to 'float', possible loss of data
j1Player.cpp(100): warning C4244: '=': conversion from 'int' to 'float', possible loss of data
j1Player.cpp(202): warning C4244: 'argument': conversion from 'float' to 'int', possible loss of data
j1Player.cpp(237): warning C4244: '=': conversion from 'float' to 'int', possible loss of data
j1Player.cpp(238): warning C4244: '=': conversion from 'float' to 'int', possible loss of data
j1Player.cpp(279): warning C4244: '=': conversion from 'int' to 'float', possible loss of data
j1Player.cpp(280): warning C4244: '=': conversion from 'int' to 'float', possible loss of data
j1Player.cpp(288): warning C4244: '=': conversion from 'int' to 'float', possible loss of data
  j1Scene.cpp
d:\rma\game-development\motor2d\j1Collision.h(20): warning C4099: 'Collider': type name first seen using 'class' now seen using 'struct'
  d:\rma\game-development\motor2d\j1Collision.h(19): note: see declaration of 'Collider'
j1Scene.cpp(85): warning C4018: '>': signed/unsigned mismatch
j1Scene.cpp(97): warning C4244: '=': conversion from 'Uint32' to 'float', possible loss of data
j1Scene.cpp(125): warning C4018: '>': signed/unsigned mismatch
  p2Log.cpp
  j1Render.cpp
j1Render.cpp(49): warning C4244: '=': conversion from 'int' to 'float', possible loss of data
j1Render.cpp(73): warning C4244: '=': conversion from 'float' to 'int', possible loss of data
  j1Textures.cpp
  j1Window.cpp
  pugixml.cpp
  Generating code
  451 of 455 functions (99.1%) were compiled, the rest were copied from previous compilation.
    151 functions were new in current compilation
    0 functions had inline decision re-evaluated but remain unchanged
  Finished generating code
  Motor2D.vcxproj -> D:\rma\Game-Development\Release\Motor 2D.exe
